<?xml version="1.0" encoding="UTF-8"?>
<!-- Generated by org.testng.reporters.JUnitReportReporter -->
<testsuite hostname="admin-PC" name="example.Jen" tests="1" failures="0" timestamp="5 Aug 2017 02:44:00 GMT" time="0.016" errors="0">
  <testcase name="a" time="0.016" classname="example.Jen"/>
</testsuite> <!-- example.Jen -->
